<?xml version="1.0" encoding="UTF-8"?>
<!-- Generated by org.testng.reporters.JUnitReportReporter -->
<testsuite hostname="DESKTOP-L24NCKJ" failures="0" tests="2" name="com.testng.attributes.Priority" time="0.022" errors="0" timestamp="19 Jul 2023 00:16:40 GMT" skipped="0">
  <testcase classname="com.testng.attributes.Priority" name="testFour" time="0.020"/>
  <testcase classname="com.testng.attributes.Priority" name="sameMethod1" time="0.002"/>
</testsuite> <!-- com.testng.attributes.Priority -->
