<?xml version="1.0" encoding="UTF-8"?>
<!-- Generated by org.testng.reporters.JUnitReportReporter -->
<testsuite hostname="DESKTOP-L24NCKJ" failures="0" tests="2" name="com.testng.attributes.AlwaysRun" time="0.033" errors="0" timestamp="19 Jul 2023 00:12:48 GMT" skipped="0">
  <testcase classname="com.testng.attributes.AlwaysRun" name="testMethod2" time="0.003"/>
  <testcase classname="com.testng.attributes.AlwaysRun" name="testMethod1" time="0.030"/>
</testsuite> <!-- com.testng.attributes.AlwaysRun -->
