<?xml version="1.0" encoding="UTF-8"?>
<!-- Generated by org.testng.reporters.JUnitReportReporter -->
<testsuite hostname="DESKTOP-L24NCKJ" failures="0" tests="10" name="com.testng.attributes.AttributesTwo" time="0.075" errors="0" timestamp="16 Jul 2023 07:39:56 GMT" skipped="0">
  <testcase classname="com.testng.attributes.AttributesTwo" name="searchSelenium" time="0.003"/>
  <testcase classname="com.testng.attributes.AttributesTwo" name="searchSelenium" time="0.005"/>
  <testcase classname="com.testng.attributes.AttributesTwo" name="searchSelenium" time="0.021"/>
  <testcase classname="com.testng.attributes.AttributesTwo" name="searchSelenium" time="0.002"/>
  <testcase classname="com.testng.attributes.AttributesTwo" name="searchSelenium" time="0.005"/>
  <testcase classname="com.testng.attributes.AttributesTwo" name="searchSelenium" time="0.002"/>
  <testcase classname="com.testng.attributes.AttributesTwo" name="searchSelenium" time="0.008"/>
  <testcase classname="com.testng.attributes.AttributesTwo" name="searchSelenium" time="0.003"/>
  <testcase classname="com.testng.attributes.AttributesTwo" name="searchSelenium" time="0.005"/>
  <testcase classname="com.testng.attributes.AttributesTwo" name="searchSelenium" time="0.021"/>
</testsuite> <!-- com.testng.attributes.AttributesTwo -->
