<?xml version="1.0" encoding="UTF-8"?>
<!-- Generated by org.testng.reporters.JUnitReportReporter -->
<testsuite hostname="DESKTOP-L24NCKJ" failures="0" tests="1" name="com.testng.attributes.Enabled" time="0.009" errors="0" timestamp="19 Jul 2023 00:16:40 GMT" skipped="0">
  <testcase classname="com.testng.attributes.Enabled" name="sampleMethod1" time="0.009"/>
</testsuite> <!-- com.testng.attributes.Enabled -->
