<?xml version="1.0" encoding="UTF-8"?>
<!-- Generated by org.testng.reporters.JUnitReportReporter -->
<testsuite hostname="DESKTOP-L24NCKJ" failures="0" tests="3" name="com.testng.sample.Sample" time="0.017" errors="0" timestamp="16 Jul 2023 06:13:13 GMT" skipped="1">
  <testcase classname="com.testng.sample.Sample" name="testMethod3" time="0.004"/>
  <testcase classname="com.testng.sample.Sample" name="testMethod1" time="0.013"/>
  <testcase classname="com.testng.sample.Sample" name="testMethod2">
    <skipped/>
  </testcase> <!-- testMethod2 -->
</testsuite> <!-- com.testng.sample.Sample -->
